This is XeTeX, Version 3.141592653-2.6-0.999995 (TeX Live 2023) (preloaded format=xelatex 2024.2.23)  27 AUG 2025 17:02
entering extended mode
 restricted \write18 enabled.
 %&-line parsing enabled.
**"/Users/lyndenjensen/Library/CloudStorage/GoogleDrive-lynden.jensen@gmail.com
/My\ Drive/Work/PsychologyReports/Product/Reports/TraitGraph/similarity_table.t
ex"
! Emergency stop.
<to be read again> 
                   \ 
<*> ...ge/GoogleDrive-lynden.jensen@gmail.com/My\ 
                                                  Drive/Work/PsychologyRepor...
 
Here is how much of TeX's memory you used:
 3 strings out of 476683
 89 string characters out of 5804047
 1842018 words of memory out of 5000000
 20352 multiletter control sequences out of 15000+600000
 512287 words of font info for 32 fonts, out of 8000000 for 9000
 1348 hyphenation exceptions out of 8191
 1i,0n,0p,1b,6s stack positions out of 10000i,1000n,20000p,200000b,200000s
No pages of output.
